[13-Nov-2025 11:12:30 UTC] PHP Warning:  mysqli_real_connect(): (HY000/2002): No such file or directory in /Users/krisoldland/Documents/GitHub/1927MSuite/wp-includes/class-wpdb.php on line 1988
[13-Nov-2025 11:20:31 UTC] PHP Warning:  mysqli_real_connect(): (HY000/2002): No such file or directory in /Users/krisoldland/Documents/GitHub/1927MSuite/wp-includes/class-wpdb.php on line 1988
[13-Nov-2025 11:20:45 UTC] PHP Warning:  include_once(/Users/krisoldland/Documents/GitHub/1927MSuite/wp-content/plugins/advanced-custom-fields-pro/vendor/autoload.php): Failed to open stream: No such file or directory in /Users/krisoldland/Documents/GitHub/1927MSuite/wp-content/plugins/advanced-custom-fields-pro/acf.php on line 137
[13-Nov-2025 11:20:45 UTC] PHP Warning:  include_once(): Failed opening '/Users/krisoldland/Documents/GitHub/1927MSuite/wp-content/plugins/advanced-custom-fields-pro/vendor/autoload.php' for inclusion (include_path='.:/usr/local/Cellar/php@8.1/8.1.33/share/php@8.1/pear') in /Users/krisoldland/Documents/GitHub/1927MSuite/wp-content/plugins/advanced-custom-fields-pro/acf.php on line 137
[13-Nov-2025 11:20:45 UTC] PHP Fatal error:  Uncaught Error: Class "ACF\Site_Health\Site_Health" not found in /Users/krisoldland/Documents/GitHub/1927MSuite/wp-content/plugins/advanced-custom-fields-pro/acf.php:155
Stack trace:
#0 /Users/krisoldland/Documents/GitHub/1927MSuite/wp-content/plugins/advanced-custom-fields-pro/acf.php(854): ACF->initialize()
#1 /Users/krisoldland/Documents/GitHub/1927MSuite/wp-content/plugins/advanced-custom-fields-pro/acf.php(860): acf()
#2 /Users/krisoldland/Documents/GitHub/1927MSuite/wp-settings.php(545): include_once('/Users/krisoldl...')
#3 phar:///Users/krisoldland/Documents/GitHub/1927MSuite/wp-cli.phar/vendor/wp-cli/wp-cli/php/WP_CLI/Runner.php(1374): require('/Users/krisoldl...')
#4 phar:///Users/krisoldland/Documents/GitHub/1927MSuite/wp-cli.phar/vendor/wp-cli/wp-cli/php/WP_CLI/Runner.php(1293): WP_CLI\Runner->load_wordpress()
#5 phar:///Users/krisoldland/Documents/GitHub/1927MSuite/wp-cli.phar/vendor/wp-cli/wp-cli/php/WP_CLI/Bootstrap/LaunchRunner.php(28): WP_CLI\Runner->start()
#6 phar:///Users/krisoldland/Documents/GitHub/1927MSuite/wp-cli.phar/vendor/wp-cli/wp-cli/php/bootstrap.php(84): WP_CLI\Bootstrap\LaunchRunner->process(Object(WP_CLI\Bootstrap\BootstrapState))
#7 phar:///Users/krisoldland/Documents/GitHub/1927MSuite/wp-cli.phar/vendor/wp-cli/wp-cli/php/wp-cli.php(35): WP_CLI\bootstrap()
#8 phar:///Users/krisoldland/Documents/GitHub/1927MSuite/wp-cli.phar/php/boot-phar.php(20): include('phar:///Users/k...')
#9 /Users/krisoldland/Documents/GitHub/1927MSuite/wp-cli.phar(4): include('phar:///Users/k...')
#10 {main}
  thrown in /Users/krisoldland/Documents/GitHub/1927MSuite/wp-content/plugins/advanced-custom-fields-pro/acf.php on line 155
[13-Nov-2025 11:21:36 UTC] PHP Warning:  require(/Users/krisoldland/Documents/GitHub/1927MSuite/./wp-content/themes/hello-elementor/vendor/autoload.php): Failed to open stream: No such file or directory in /Users/krisoldland/Documents/GitHub/1927MSuite/wp-content/themes/hello-elementor/functions.php on line 271
[13-Nov-2025 11:21:36 UTC] PHP Fatal error:  Uncaught Error: Failed opening required '/Users/krisoldland/Documents/GitHub/1927MSuite/./wp-content/themes/hello-elementor/vendor/autoload.php' (include_path='.:/usr/local/Cellar/php@8.1/8.1.33/share/php@8.1/pear') in /Users/krisoldland/Documents/GitHub/1927MSuite/wp-content/themes/hello-elementor/functions.php:271
Stack trace:
#0 /Users/krisoldland/Documents/GitHub/1927MSuite/wp-content/themes/hello-elementor/functions.php(283): hello_elementor_get_theme_notifications()
#1 /Users/krisoldland/Documents/GitHub/1927MSuite/wp-settings.php(695): include('/Users/krisoldl...')
#2 phar:///Users/krisoldland/Documents/GitHub/1927MSuite/wp-cli.phar/vendor/wp-cli/wp-cli/php/WP_CLI/Runner.php(1374): require('/Users/krisoldl...')
#3 phar:///Users/krisoldland/Documents/GitHub/1927MSuite/wp-cli.phar/vendor/wp-cli/wp-cli/php/WP_CLI/Runner.php(1293): WP_CLI\Runner->load_wordpress()
#4 phar:///Users/krisoldland/Documents/GitHub/1927MSuite/wp-cli.phar/vendor/wp-cli/wp-cli/php/WP_CLI/Bootstrap/LaunchRunner.php(28): WP_CLI\Runner->start()
#5 phar:///Users/krisoldland/Documents/GitHub/1927MSuite/wp-cli.phar/vendor/wp-cli/wp-cli/php/bootstrap.php(84): WP_CLI\Bootstrap\LaunchRunner->process(Object(WP_CLI\Bootstrap\BootstrapState))
#6 phar:///Users/krisoldland/Documents/GitHub/1927MSuite/wp-cli.phar/vendor/wp-cli/wp-cli/php/wp-cli.php(35): WP_CLI\bootstrap()
#7 phar:///Users/krisoldland/Documents/GitHub/1927MSuite/wp-cli.phar/php/boot-phar.php(20): include('phar:///Users/k...')
#8 /Users/krisoldland/Documents/GitHub/1927MSuite/wp-cli.phar(4): include('phar:///Users/k...')
#9 {main}
  thrown in /Users/krisoldland/Documents/GitHub/1927MSuite/wp-content/themes/hello-elementor/functions.php on line 271
[13-Nov-2025 11:21:44 UTC] PHP Fatal error:  Uncaught Error: Class "Elementor\WPNotificationsPackage\V110\Notifications" not found in /Users/krisoldland/Documents/GitHub/1927MSuite/wp-content/themes/hello-elementor/functions.php:273
Stack trace:
#0 /Users/krisoldland/Documents/GitHub/1927MSuite/wp-content/themes/hello-elementor/functions.php(283): hello_elementor_get_theme_notifications()
#1 /Users/krisoldland/Documents/GitHub/1927MSuite/wp-settings.php(695): include('/Users/krisoldl...')
#2 phar:///Users/krisoldland/Documents/GitHub/1927MSuite/wp-cli.phar/vendor/wp-cli/wp-cli/php/WP_CLI/Runner.php(1374): require('/Users/krisoldl...')
#3 phar:///Users/krisoldland/Documents/GitHub/1927MSuite/wp-cli.phar/vendor/wp-cli/wp-cli/php/WP_CLI/Runner.php(1293): WP_CLI\Runner->load_wordpress()
#4 phar:///Users/krisoldland/Documents/GitHub/1927MSuite/wp-cli.phar/vendor/wp-cli/wp-cli/php/WP_CLI/Bootstrap/LaunchRunner.php(28): WP_CLI\Runner->start()
#5 phar:///Users/krisoldland/Documents/GitHub/1927MSuite/wp-cli.phar/vendor/wp-cli/wp-cli/php/bootstrap.php(84): WP_CLI\Bootstrap\LaunchRunner->process(Object(WP_CLI\Bootstrap\BootstrapState))
#6 phar:///Users/krisoldland/Documents/GitHub/1927MSuite/wp-cli.phar/vendor/wp-cli/wp-cli/php/wp-cli.php(35): WP_CLI\bootstrap()
#7 phar:///Users/krisoldland/Documents/GitHub/1927MSuite/wp-cli.phar/php/boot-phar.php(20): include('phar:///Users/k...')
#8 /Users/krisoldland/Documents/GitHub/1927MSuite/wp-cli.phar(4): include('phar:///Users/k...')
#9 {main}
  thrown in /Users/krisoldland/Documents/GitHub/1927MSuite/wp-content/themes/hello-elementor/functions.php on line 273
[13-Nov-2025 11:23:19 UTC] PHP Fatal error:  Uncaught Error: Class "Elementor\Core\Wp_Api" not found in /Users/krisoldland/Documents/GitHub/1927MSuite/wp-content/plugins/elementor/includes/plugin.php:715
Stack trace:
#0 /Users/krisoldland/Documents/GitHub/1927MSuite/wp-content/plugins/elementor/includes/plugin.php(627): Elementor\Plugin->init_components()
#1 /Users/krisoldland/Documents/GitHub/1927MSuite/wp-includes/class-wp-hook.php(324): Elementor\Plugin->init('')
#2 /Users/krisoldland/Documents/GitHub/1927MSuite/wp-includes/class-wp-hook.php(348): WP_Hook->apply_filters(NULL, Array)
#3 /Users/krisoldland/Documents/GitHub/1927MSuite/wp-includes/plugin.php(517): WP_Hook->do_action(Array)
#4 /Users/krisoldland/Documents/GitHub/1927MSuite/wp-settings.php(727): do_action('init')
#5 phar:///Users/krisoldland/Documents/GitHub/1927MSuite/wp-cli.phar/vendor/wp-cli/wp-cli/php/WP_CLI/Runner.php(1374): require('/Users/krisoldl...')
#6 phar:///Users/krisoldland/Documents/GitHub/1927MSuite/wp-cli.phar/vendor/wp-cli/wp-cli/php/WP_CLI/Runner.php(1293): WP_CLI\Runner->load_wordpress()
#7 phar:///Users/krisoldland/Documents/GitHub/1927MSuite/wp-cli.phar/vendor/wp-cli/wp-cli/php/WP_CLI/Bootstrap/LaunchRunner.php(28): WP_CLI\Runner->start()
#8 phar:///Users/krisoldland/Documents/GitHub/1927MSuite/wp-cli.phar/vendor/wp-cli/wp-cli/php/bootstrap.php(84): WP_CLI\Bootstrap\LaunchRunner->process(Object(WP_CLI\Bootstrap\BootstrapState))
#9 phar:///Users/krisoldland/Documents/GitHub/1927MSuite/wp-cli.phar/vendor/wp-cli/wp-cli/php/wp-cli.php(35): WP_CLI\bootstrap()
#10 phar:///Users/krisoldland/Documents/GitHub/1927MSuite/wp-cli.phar/php/boot-phar.php(20): include('phar:///Users/k...')
#11 /Users/krisoldland/Documents/GitHub/1927MSuite/wp-cli.phar(4): include('phar:///Users/k...')
#12 {main}
  thrown in /Users/krisoldland/Documents/GitHub/1927MSuite/wp-content/plugins/elementor/includes/plugin.php on line 715
[13-Nov-2025 11:23:45 UTC] PHP Fatal error:  Uncaught Error: Class "Elementor\Core\Wp_Api" not found in /Users/krisoldland/Documents/GitHub/1927MSuite/wp-content/plugins/elementor/includes/plugin.php:715
Stack trace:
#0 /Users/krisoldland/Documents/GitHub/1927MSuite/wp-content/plugins/elementor/includes/plugin.php(627): Elementor\Plugin->init_components()
#1 /Users/krisoldland/Documents/GitHub/1927MSuite/wp-includes/class-wp-hook.php(324): Elementor\Plugin->init('')
#2 /Users/krisoldland/Documents/GitHub/1927MSuite/wp-includes/class-wp-hook.php(348): WP_Hook->apply_filters(NULL, Array)
#3 /Users/krisoldland/Documents/GitHub/1927MSuite/wp-includes/plugin.php(517): WP_Hook->do_action(Array)
#4 /Users/krisoldland/Documents/GitHub/1927MSuite/wp-settings.php(727): do_action('init')
#5 /Users/krisoldland/Documents/GitHub/1927MSuite/wp-config.php(40): require_once('/Users/krisoldl...')
#6 /Users/krisoldland/Documents/GitHub/1927MSuite/wp-load.php(50): require_once('/Users/krisoldl...')
#7 Standard input code(2): require('/Users/krisoldl...')
#8 {main}
  thrown in /Users/krisoldland/Documents/GitHub/1927MSuite/wp-content/plugins/elementor/includes/plugin.php on line 715
[13-Nov-2025 11:24:26 UTC] PHP Fatal error:  Uncaught Error: Call to undefined method KHM_Advanced_Attribution_Manager::init_utm_typo_corrections() in /Users/krisoldland/Documents/GitHub/1927MSuite/wp-content/plugins/khm-plugin/src/Attribution/AttributionManager.php:23
Stack trace:
#0 /Users/krisoldland/Documents/GitHub/1927MSuite/wp-content/plugins/khm-plugin/src/Attribution/AttributionManager.php(758): KHM_Advanced_Attribution_Manager->__construct()
#1 /Users/krisoldland/Documents/GitHub/1927MSuite/wp-content/plugins/khm-plugin/khm-plugin.php(22): require_once('/Users/krisoldl...')
#2 /Users/krisoldland/Documents/GitHub/1927MSuite/wp-admin/includes/plugin.php(2387): include_once('/Users/krisoldl...')
#3 /Users/krisoldland/Documents/GitHub/1927MSuite/wp-admin/includes/plugin.php(673): plugin_sandbox_scrape('khm-plugin/khm-...')
#4 phar:///Users/krisoldland/Documents/GitHub/1927MSuite/wp-cli.phar/vendor/wp-cli/extension-command/src/Plugin_Command.php(386): activate_plugin('khm-plugin/khm-...', '', false)
#5 [internal function]: Plugin_Command->activate(Array, Array)
#6 phar:///Users/krisoldland/Documents/GitHub/1927MSuite/wp-cli.phar/vendor/wp-cli/wp-cli/php/WP_CLI/Dispatcher/CommandFactory.php(100): call_user_func(Array, Array, Array)
#7 [internal function]: WP_CLI\Dispatcher\CommandFactory::WP_CLI\Dispatcher\{closure}(Array, Array)
#8 phar:///Users/krisoldland/Documents/GitHub/1927MSuite/wp-cli.phar/vendor/wp-cli/wp-cli/php/WP_CLI/Dispatcher/Subcommand.php(497): call_user_func(Object(Closure), Array, Array)
#9 phar:///Users/krisoldland/Documents/GitHub/1927MSuite/wp-cli.phar/vendor/wp-cli/wp-cli/php/WP_CLI/Runner.php(470): WP_CLI\Dispatcher\Subcommand->invoke(Array, Array, Array)
#10 phar:///Users/krisoldland/Documents/GitHub/1927MSuite/wp-cli.phar/vendor/wp-cli/wp-cli/php/WP_CLI/Runner.php(493): WP_CLI\Runner->run_command(Array, Array)
#11 phar:///Users/krisoldland/Documents/GitHub/1927MSuite/wp-cli.phar/vendor/wp-cli/wp-cli/php/WP_CLI/Runner.php(1295): WP_CLI\Runner->run_command_and_exit()
#12 phar:///Users/krisoldland/Documents/GitHub/1927MSuite/wp-cli.phar/vendor/wp-cli/wp-cli/php/WP_CLI/Bootstrap/LaunchRunner.php(28): WP_CLI\Runner->start()
#13 phar:///Users/krisoldland/Documents/GitHub/1927MSuite/wp-cli.phar/vendor/wp-cli/wp-cli/php/bootstrap.php(84): WP_CLI\Bootstrap\LaunchRunner->process(Object(WP_CLI\Bootstrap\BootstrapState))
#14 phar:///Users/krisoldland/Documents/GitHub/1927MSuite/wp-cli.phar/vendor/wp-cli/wp-cli/php/wp-cli.php(35): WP_CLI\bootstrap()
#15 phar:///Users/krisoldland/Documents/GitHub/1927MSuite/wp-cli.phar/php/boot-phar.php(20): include('phar:///Users/k...')
#16 /Users/krisoldland/Documents/GitHub/1927MSuite/wp-cli.phar(4): include('phar:///Users/k...')
#17 {main}
  thrown in /Users/krisoldland/Documents/GitHub/1927MSuite/wp-content/plugins/khm-plugin/src/Attribution/AttributionManager.php on line 23
[13-Nov-2025 11:25:09 UTC] PHP Fatal error:  Uncaught Error: Call to undefined method KHM_Advanced_Attribution_Manager::setup_rest_endpoints() in /Users/krisoldland/Documents/GitHub/1927MSuite/wp-content/plugins/khm-plugin/src/Attribution/AttributionManager.php:24
Stack trace:
#0 /Users/krisoldland/Documents/GitHub/1927MSuite/wp-content/plugins/khm-plugin/src/Attribution/AttributionManager.php(771): KHM_Advanced_Attribution_Manager->__construct()
#1 /Users/krisoldland/Documents/GitHub/1927MSuite/wp-content/plugins/khm-plugin/khm-plugin.php(22): require_once('/Users/krisoldl...')
#2 /Users/krisoldland/Documents/GitHub/1927MSuite/wp-admin/includes/plugin.php(2387): include_once('/Users/krisoldl...')
#3 /Users/krisoldland/Documents/GitHub/1927MSuite/wp-admin/includes/plugin.php(673): plugin_sandbox_scrape('khm-plugin/khm-...')
#4 phar:///Users/krisoldland/Documents/GitHub/1927MSuite/wp-cli.phar/vendor/wp-cli/extension-command/src/Plugin_Command.php(386): activate_plugin('khm-plugin/khm-...', '', false)
#5 [internal function]: Plugin_Command->activate(Array, Array)
#6 phar:///Users/krisoldland/Documents/GitHub/1927MSuite/wp-cli.phar/vendor/wp-cli/wp-cli/php/WP_CLI/Dispatcher/CommandFactory.php(100): call_user_func(Array, Array, Array)
#7 [internal function]: WP_CLI\Dispatcher\CommandFactory::WP_CLI\Dispatcher\{closure}(Array, Array)
#8 phar:///Users/krisoldland/Documents/GitHub/1927MSuite/wp-cli.phar/vendor/wp-cli/wp-cli/php/WP_CLI/Dispatcher/Subcommand.php(497): call_user_func(Object(Closure), Array, Array)
#9 phar:///Users/krisoldland/Documents/GitHub/1927MSuite/wp-cli.phar/vendor/wp-cli/wp-cli/php/WP_CLI/Runner.php(470): WP_CLI\Dispatcher\Subcommand->invoke(Array, Array, Array)
#10 phar:///Users/krisoldland/Documents/GitHub/1927MSuite/wp-cli.phar/vendor/wp-cli/wp-cli/php/WP_CLI/Runner.php(493): WP_CLI\Runner->run_command(Array, Array)
#11 phar:///Users/krisoldland/Documents/GitHub/1927MSuite/wp-cli.phar/vendor/wp-cli/wp-cli/php/WP_CLI/Runner.php(1295): WP_CLI\Runner->run_command_and_exit()
#12 phar:///Users/krisoldland/Documents/GitHub/1927MSuite/wp-cli.phar/vendor/wp-cli/wp-cli/php/WP_CLI/Bootstrap/LaunchRunner.php(28): WP_CLI\Runner->start()
#13 phar:///Users/krisoldland/Documents/GitHub/1927MSuite/wp-cli.phar/vendor/wp-cli/wp-cli/php/bootstrap.php(84): WP_CLI\Bootstrap\LaunchRunner->process(Object(WP_CLI\Bootstrap\BootstrapState))
#14 phar:///Users/krisoldland/Documents/GitHub/1927MSuite/wp-cli.phar/vendor/wp-cli/wp-cli/php/wp-cli.php(35): WP_CLI\bootstrap()
#15 phar:///Users/krisoldland/Documents/GitHub/1927MSuite/wp-cli.phar/php/boot-phar.php(20): include('phar:///Users/k...')
#16 /Users/krisoldland/Documents/GitHub/1927MSuite/wp-cli.phar(4): include('phar:///Users/k...')
#17 {main}
  thrown in /Users/krisoldland/Documents/GitHub/1927MSuite/wp-content/plugins/khm-plugin/src/Attribution/AttributionManager.php on line 24
[13-Nov-2025 11:34:05 UTC] WordPress database error CONSTRAINT `cp_scores_person.nba_recommendation` failed for `magazine_db`.`cp_scores_person` for query INSERT INTO cp_scores_person
			(actor_email, score_date, person_score, stage, last_touch, last_touch_at, mql_flag, sql_flag, nba_recommendation, created_at, updated_at)
			VALUES ('alex@example.com','2025-11-13',65.460000,'solution','article_complete','2025-11-13 11:33:13',1,1,'',UTC_TIMESTAMP(),UTC_TIMESTAMP())
			ON DUPLICATE KEY UPDATE
				person_score = VALUES(person_score),
				stage = VALUES(stage),
				last_touch = VALUES(last_touch),
				last_touch_at = VALUES(last_touch_at),
				mql_flag = VALUES(mql_flag),
				sql_flag = VALUES(sql_flag),
				nba_recommendation = VALUES(nba_recommendation),
				updated_at = VALUES(updated_at) made by include('phar:///Users/krisoldland/Documents/GitHub/1927MSuite/wp-cli.phar/php/boot-phar.php'), include('phar:///Users/krisoldland/Documents/GitHub/1927MSuite/wp-cli.phar/vendor/wp-cli/wp-cli/php/wp-cli.php'), WP_CLI\bootstrap, WP_CLI\Bootstrap\LaunchRunner->process, WP_CLI\Runner->start, WP_CLI\Runner->run_command_and_exit, WP_CLI\Runner->run_command, WP_CLI\Dispatcher\Subcommand->invoke, call_user_func, WP_CLI\Dispatcher\CommandFactory::WP_CLI\Dispatcher\{closure}, call_user_func, KHM\Cli\FourAScoreCommand->recompute, KHM\Services\FourAScoringService->run, KHM\Services\FourAScoringService->process_actor, KHM\Services\FourAScoringService->upsert_person_score
[13-Nov-2025 11:34:05 UTC] WordPress database error CONSTRAINT `cp_scores_person.nba_recommendation` failed for `magazine_db`.`cp_scores_person` for query INSERT INTO cp_scores_person
			(actor_email, score_date, person_score, stage, last_touch, last_touch_at, mql_flag, sql_flag, nba_recommendation, created_at, updated_at)
			VALUES ('britt@sample.io','2025-11-13',55.300000,'attention','webinar_full_attend','2025-11-13 09:33:13',0,0,'',UTC_TIMESTAMP(),UTC_TIMESTAMP())
			ON DUPLICATE KEY UPDATE
				person_score = VALUES(person_score),
				stage = VALUES(stage),
				last_touch = VALUES(last_touch),
				last_touch_at = VALUES(last_touch_at),
				mql_flag = VALUES(mql_flag),
				sql_flag = VALUES(sql_flag),
				nba_recommendation = VALUES(nba_recommendation),
				updated_at = VALUES(updated_at) made by include('phar:///Users/krisoldland/Documents/GitHub/1927MSuite/wp-cli.phar/php/boot-phar.php'), include('phar:///Users/krisoldland/Documents/GitHub/1927MSuite/wp-cli.phar/vendor/wp-cli/wp-cli/php/wp-cli.php'), WP_CLI\bootstrap, WP_CLI\Bootstrap\LaunchRunner->process, WP_CLI\Runner->start, WP_CLI\Runner->run_command_and_exit, WP_CLI\Runner->run_command, WP_CLI\Dispatcher\Subcommand->invoke, call_user_func, WP_CLI\Dispatcher\CommandFactory::WP_CLI\Dispatcher\{closure}, call_user_func, KHM\Cli\FourAScoreCommand->recompute, KHM\Services\FourAScoringService->run, KHM\Services\FourAScoringService->process_actor, KHM\Services\FourAScoringService->upsert_person_score
[13-Nov-2025 11:34:05 UTC] WordPress database error CONSTRAINT `cp_scores_company.nba_recommendation` failed for `magazine_db`.`cp_scores_company` for query INSERT INTO cp_scores_company
			(company_domain, score_date, company_score, stage_mode, engaged_contacts, hot_flag, hot_since, nba_recommendation, created_at, updated_at)
			VALUES ('example.com','2025-11-13',65.460000,'solution',1,0,'','',UTC_TIMESTAMP(),UTC_TIMESTAMP())
			ON DUPLICATE KEY UPDATE
				company_score = VALUES(company_score),
				stage_mode = VALUES(stage_mode),
				engaged_contacts = VALUES(engaged_contacts),
				hot_flag = VALUES(hot_flag),
				hot_since = VALUES(hot_since),
				nba_recommendation = VALUES(nba_recommendation),
				updated_at = VALUES(updated_at) made by include('phar:///Users/krisoldland/Documents/GitHub/1927MSuite/wp-cli.phar/php/boot-phar.php'), include('phar:///Users/krisoldland/Documents/GitHub/1927MSuite/wp-cli.phar/vendor/wp-cli/wp-cli/php/wp-cli.php'), WP_CLI\bootstrap, WP_CLI\Bootstrap\LaunchRunner->process, WP_CLI\Runner->start, WP_CLI\Runner->run_command_and_exit, WP_CLI\Runner->run_command, WP_CLI\Dispatcher\Subcommand->invoke, call_user_func, WP_CLI\Dispatcher\CommandFactory::WP_CLI\Dispatcher\{closure}, call_user_func, KHM\Cli\FourAScoreCommand->recompute, KHM\Services\FourAScoringService->run, KHM\Services\FourAScoringService->process_company, KHM\Services\FourAScoringService->upsert_company_score
[13-Nov-2025 11:34:05 UTC] WordPress database error CONSTRAINT `cp_scores_company.nba_recommendation` failed for `magazine_db`.`cp_scores_company` for query INSERT INTO cp_scores_company
			(company_domain, score_date, company_score, stage_mode, engaged_contacts, hot_flag, hot_since, nba_recommendation, created_at, updated_at)
			VALUES ('sample.io','2025-11-13',55.300000,'attention',1,0,'','',UTC_TIMESTAMP(),UTC_TIMESTAMP())
			ON DUPLICATE KEY UPDATE
				company_score = VALUES(company_score),
				stage_mode = VALUES(stage_mode),
				engaged_contacts = VALUES(engaged_contacts),
				hot_flag = VALUES(hot_flag),
				hot_since = VALUES(hot_since),
				nba_recommendation = VALUES(nba_recommendation),
				updated_at = VALUES(updated_at) made by include('phar:///Users/krisoldland/Documents/GitHub/1927MSuite/wp-cli.phar/php/boot-phar.php'), include('phar:///Users/krisoldland/Documents/GitHub/1927MSuite/wp-cli.phar/vendor/wp-cli/wp-cli/php/wp-cli.php'), WP_CLI\bootstrap, WP_CLI\Bootstrap\LaunchRunner->process, WP_CLI\Runner->start, WP_CLI\Runner->run_command_and_exit, WP_CLI\Runner->run_command, WP_CLI\Dispatcher\Subcommand->invoke, call_user_func, WP_CLI\Dispatcher\CommandFactory::WP_CLI\Dispatcher\{closure}, call_user_func, KHM\Cli\FourAScoreCommand->recompute, KHM\Services\FourAScoringService->run, KHM\Services\FourAScoringService->process_company, KHM\Services\FourAScoringService->upsert_company_score
